Performing C SOURCE FILE Test CMAKE_HAVE_LIBC_PTHREAD failed with the following output:
Change Dir: /home/gregory/Documents/2020-2021/Q5/ATLIR/C++/bonne_nuit/cmake-build-debug/CMakeFiles/CMakeTmp

Run Build Command(s):/usr/bin/make -f Makefile cmTC_22bce/fast && /usr/bin/make  -f CMakeFiles/cmTC_22bce.dir/build.make CMakeFiles/cmTC_22bce.dir/build
make[1]: Entering directory '/home/gregory/Documents/2020-2021/Q5/ATLIR/C++/bonne_nuit/cmake-build-debug/CMakeFiles/CMakeTmp'
Building C object CMakeFiles/cmTC_22bce.dir/src.c.o
/usr/bin/cc -DCMAKE_HAVE_LIBC_PTHREAD   -o CMakeFiles/cmTC_22bce.dir/src.c.o -c /home/gregory/Documents/2020-2021/Q5/ATLIR/C++/bonne_nuit/cmake-build-debug/CMakeFiles/CMakeTmp/src.c
Linking C executable cmTC_22bce
/home/gregory/.local/share/JetBrains/Toolbox/apps/CLion/ch-0/212.5284.51/bin/cmake/linux/bin/cmake -E cmake_link_script CMakeFiles/cmTC_22bce.dir/link.txt --verbose=1
/usr/bin/cc CMakeFiles/cmTC_22bce.dir/src.c.o -o cmTC_22bce 
/usr/bin/ld: CMakeFiles/cmTC_22bce.dir/src.c.o: in function `main':
src.c:(.text+0x3e): undefined reference to `pthread_create'
/usr/bin/ld: src.c:(.text+0x4a): undefined reference to `pthread_detach'
/usr/bin/ld: src.c:(.text+0x56): undefined reference to `pthread_cancel'
/usr/bin/ld: src.c:(.text+0x67): undefined reference to `pthread_join'
collect2: error: ld returned 1 exit status
make[1]: *** [CMakeFiles/cmTC_22bce.dir/build.make:99: cmTC_22bce] Error 1
make[1]: Leaving directory '/home/gregory/Documents/2020-2021/Q5/ATLIR/C++/bonne_nuit/cmake-build-debug/CMakeFiles/CMakeTmp'
make: *** [Makefile:127: cmTC_22bce/fast] Error 2


Source file was:
#include <pthread.h>

static void* test_func(void* data)
{
  return data;
}

int main(void)
{
  pthread_t thread;
  pthread_create(&thread, NULL, test_func, NULL);
  pthread_detach(thread);
  pthread_cancel(thread);
  pthread_join(thread, NULL);
  pthread_atfork(NULL, NULL, NULL);
  pthread_exit(NULL);

  return 0;
}

