Performing C SOURCE FILE Test CMAKE_HAVE_LIBC_PTHREAD failed with the following output:
Change Dir: /home/gregory/Documents/2020-2021/Q5/ATLIR/C++/esi-atlir5-bonne_nuit/CMakeFiles/CMakeTmp

Run Build Command(s):/usr/bin/ninja cmTC_fc4a1 && [1/2] Building C object CMakeFiles/cmTC_fc4a1.dir/src.c.o
[2/2] Linking C executable cmTC_fc4a1
FAILED: cmTC_fc4a1 
: && /usr/bin/cc   CMakeFiles/cmTC_fc4a1.dir/src.c.o -o cmTC_fc4a1   && :
/usr/bin/ld: CMakeFiles/cmTC_fc4a1.dir/src.c.o: in function `main':
src.c:(.text+0x3e): undefined reference to `pthread_create'
/usr/bin/ld: src.c:(.text+0x4a): undefined reference to `pthread_detach'
/usr/bin/ld: src.c:(.text+0x56): undefined reference to `pthread_cancel'
/usr/bin/ld: src.c:(.text+0x67): undefined reference to `pthread_join'
collect2: error: ld returned 1 exit status
ninja: build stopped: subcommand failed.


Source file was:
#include <pthread.h>

static void* test_func(void* data)
{
  return data;
}

int main(void)
{
  pthread_t thread;
  pthread_create(&thread, NULL, test_func, NULL);
  pthread_detach(thread);
  pthread_cancel(thread);
  pthread_join(thread, NULL);
  pthread_atfork(NULL, NULL, NULL);
  pthread_exit(NULL);

  return 0;
}

